Arguments: 
  /home/ozank/.nvm/versions/node/v18.14.2/bin/node /home/ozank/.nvm/versions/node/v18.14.2/bin/yarn add @apollo/server graphqlD

PATH: 
  /home/ozank/.pyenv/shims:/home/ozank/.pyenv/bin:/home/ozank/.local/bin:/home/ozank/.pyenv/bin:/home/ozank/.local/bin:/home/ozank/.nvm/versions/node/v18.14.2/bin:/usr/local/sbin:/usr/local/bin:/usr/bin:/usr/bin/site_perl:/usr/bin/vendor_perl:/usr/bin/core_perl:/home/ozank/Android/Sdk/tools:/home/ozank/Android/Sdk/platform-tools:/opt/mssql-tools/bini:/opt/mssql-tools/bin:/home/ozank/Android/Sdk/tools:/home/ozank/Android/Sdk/platform-tools:/opt/mssql-tools/bini:/opt/mssql-tools/bin

Yarn version: 
  1.22.19

Node version: 
  18.14.2

Platform: 
  linux x64

Trace: 
  Error: https://registry.yarnpkg.com/graphqlD: Not found
      at params.callback [as _callback] (/home/ozank/.nvm/versions/node/v18.14.2/lib/node_modules/yarn/lib/cli.js:66145:18)
      at self.callback (/home/ozank/.nvm/versions/node/v18.14.2/lib/node_modules/yarn/lib/cli.js:140890:22)
      at Request.emit (node:events:513:28)
      at Request.<anonymous> (/home/ozank/.nvm/versions/node/v18.14.2/lib/node_modules/yarn/lib/cli.js:141862:10)
      at Request.emit (node:events:513:28)
      at IncomingMessage.<anonymous> (/home/ozank/.nvm/versions/node/v18.14.2/lib/node_modules/yarn/lib/cli.js:141784:12)
      at Object.onceWrapper (node:events:627:28)
      at IncomingMessage.emit (node:events:525:35)
      at endReadableNT (node:internal/streams/readable:1359:12)
      at process.processTicksAndRejections (node:internal/process/task_queues:82:21)

npm manifest: 
  {
    "name": "apollo-gql",
    "version": "1.0.0",
    "main": "index.js",
    "author": "Ozan Koksal",
    "license": "MIT"
  }

yarn manifest: 
  No manifest

Lockfile: 
  No lockfile
